[0m00:53:47.093663 [debug] [MainThread]: Sending event: {'category': 'dbt', 'action': 'invocation', 'label': 'start', 'context': [<snowplow_tracker.self_describing_json.SelfDescribingJson object at 0x0000017BCDA63620>, <snowplow_tracker.self_describing_json.SelfDescribingJson object at 0x0000017BCA947BC0>, <snowplow_tracker.self_describing_json.SelfDescribingJson object at 0x0000017BCD7EA150>]}


============================== 00:53:47.098223 | c9b81732-f863-4082-a57e-3aaf07f9cf4e ==============================
[0m00:53:47.098223 [info ] [MainThread]: Running with dbt=1.9.2
[0m00:53:47.103802 [debug] [MainThread]: running dbt with arguments {'printer_width': '80', 'indirect_selection': 'eager', 'log_cache_events': 'False', 'write_json': 'True', 'partial_parse': 'True', 'cache_selected_only': 'False', 'warn_error': 'None', 'fail_fast': 'False', 'version_check': 'True', 'log_path': 'logs', 'debug': 'False', 'profiles_dir': 'C:\\Users\\Cikal Merdeka\\.dbt', 'use_colors': 'True', 'use_experimental_parser': 'False', 'empty': 'None', 'quiet': 'False', 'no_print': 'None', 'warn_error_options': 'WarnErrorOptions(include=[], exclude=[])', 'invocation_command': 'dbt init airbnb_dbt', 'introspect': 'True', 'static_parser': 'True', 'target_path': 'None', 'log_format': 'default', 'send_anonymous_usage_stats': 'True'}
[0m00:53:47.170719 [debug] [MainThread]: Starter project path: E:\Personal Projects\Analytics Engineering with Airbnb\Analytics-Engineering-with-Airbnb\Postgres Version\dbt-env\Lib\site-packages\dbt\include\starter_project
[0m00:53:47.203340 [info ] [MainThread]: 
Your new dbt project "airbnb_dbt" was created!

For more information on how to configure the profiles.yml file,
please consult the dbt documentation here:

  https://docs.getdbt.com/docs/configure-your-profile

One more thing:

Need help? Don't hesitate to reach out to us via GitHub issues or on Slack:

  https://community.getdbt.com/

Happy modeling!

[0m00:53:47.203340 [info ] [MainThread]: Setting up your profile.
[0m01:10:46.116601 [debug] [MainThread]: Command `dbt init` failed at 01:10:46.116601 after 1019.20 seconds
[0m01:10:46.118613 [debug] [MainThread]: Sending event: {'category': 'dbt', 'action': 'invocation', 'label': 'end', 'context': [<snowplow_tracker.self_describing_json.SelfDescribingJson object at 0x0000017BCDF394C0>, <snowplow_tracker.self_describing_json.SelfDescribingJson object at 0x0000017BCDC51370>, <snowplow_tracker.self_describing_json.SelfDescribingJson object at 0x0000017BCE3FEA50>]}
[0m01:10:46.118613 [debug] [MainThread]: Flushing usage events
[0m01:10:47.426961 [debug] [MainThread]: An error was encountered while trying to flush usage events
[0m01:10:56.279624 [debug] [MainThread]: Sending event: {'category': 'dbt', 'action': 'invocation', 'label': 'start', 'context': [<snowplow_tracker.self_describing_json.SelfDescribingJson object at 0x000002595FC609E0>, <snowplow_tracker.self_describing_json.SelfDescribingJson object at 0x0000025961D0AF00>, <snowplow_tracker.self_describing_json.SelfDescribingJson object at 0x0000025962354260>]}


============================== 01:10:56.286040 | 4451da48-2e80-46e2-ae78-e013fee3f6fa ==============================
[0m01:10:56.286040 [info ] [MainThread]: Running with dbt=1.9.2
[0m01:10:56.287790 [debug] [MainThread]: running dbt with arguments {'printer_width': '80', 'indirect_selection': 'eager', 'write_json': 'True', 'log_cache_events': 'False', 'partial_parse': 'True', 'cache_selected_only': 'False', 'warn_error': 'None', 'version_check': 'True', 'fail_fast': 'False', 'log_path': 'logs', 'profiles_dir': 'C:\\Users\\Cikal Merdeka\\.dbt', 'debug': 'False', 'use_colors': 'True', 'use_experimental_parser': 'False', 'empty': 'None', 'quiet': 'False', 'no_print': 'None', 'warn_error_options': 'WarnErrorOptions(include=[], exclude=[])', 'introspect': 'True', 'static_parser': 'True', 'invocation_command': 'dbt init airbnb_dbt', 'target_path': 'None', 'log_format': 'default', 'send_anonymous_usage_stats': 'True'}
[0m01:10:56.352361 [info ] [MainThread]: A project called airbnb_dbt already exists here.
[0m01:10:56.352361 [debug] [MainThread]: Command `dbt init` succeeded at 01:10:56.352361 after 0.26 seconds
[0m01:10:56.352361 [debug] [MainThread]: Sending event: {'category': 'dbt', 'action': 'invocation', 'label': 'end', 'context': [<snowplow_tracker.self_describing_json.SelfDescribingJson object at 0x00000259627AFFE0>, <snowplow_tracker.self_describing_json.SelfDescribingJson object at 0x0000025962719640>, <snowplow_tracker.self_describing_json.SelfDescribingJson object at 0x000002596068C2F0>]}
[0m01:10:56.352361 [debug] [MainThread]: Flushing usage events
[0m01:10:57.641384 [debug] [MainThread]: An error was encountered while trying to flush usage events
[0m01:12:10.581997 [debug] [MainThread]: Sending event: {'category': 'dbt', 'action': 'invocation', 'label': 'start', 'context': [<snowplow_tracker.self_describing_json.SelfDescribingJson object at 0x0000011D317F0800>, <snowplow_tracker.self_describing_json.SelfDescribingJson object at 0x0000011D3415B560>, <snowplow_tracker.self_describing_json.SelfDescribingJson object at 0x0000011D308AC2F0>]}


============================== 01:12:10.586986 | f5891b77-df30-4d84-acc9-d10762a27e4b ==============================
[0m01:12:10.586986 [info ] [MainThread]: Running with dbt=1.9.2
[0m01:12:10.586986 [debug] [MainThread]: running dbt with arguments {'printer_width': '80', 'indirect_selection': 'eager', 'log_cache_events': 'False', 'write_json': 'True', 'partial_parse': 'True', 'cache_selected_only': 'False', 'profiles_dir': 'C:\\Users\\Cikal Merdeka\\.dbt', 'debug': 'False', 'version_check': 'True', 'log_path': 'logs', 'fail_fast': 'False', 'warn_error': 'None', 'use_colors': 'True', 'use_experimental_parser': 'False', 'no_print': 'None', 'quiet': 'False', 'empty': 'None', 'warn_error_options': 'WarnErrorOptions(include=[], exclude=[])', 'static_parser': 'True', 'log_format': 'default', 'invocation_command': 'dbt init airbnb_dbt', 'target_path': 'None', 'introspect': 'True', 'send_anonymous_usage_stats': 'True'}
[0m01:12:10.652981 [debug] [MainThread]: Starter project path: E:\Personal Projects\Analytics Engineering with Airbnb\Analytics-Engineering-with-Airbnb\Postgres Version\dbt-env\Lib\site-packages\dbt\include\starter_project
[0m01:12:10.667980 [info ] [MainThread]: 
Your new dbt project "airbnb_dbt" was created!

For more information on how to configure the profiles.yml file,
please consult the dbt documentation here:

  https://docs.getdbt.com/docs/configure-your-profile

One more thing:

Need help? Don't hesitate to reach out to us via GitHub issues or on Slack:

  https://community.getdbt.com/

Happy modeling!

[0m01:12:10.667980 [info ] [MainThread]: Setting up your profile.
[0m01:12:46.973926 [debug] [MainThread]: Command `dbt init` failed at 01:12:46.972113 after 36.54 seconds
[0m01:12:46.973926 [debug] [MainThread]: Sending event: {'category': 'dbt', 'action': 'invocation', 'label': 'end', 'context': [<snowplow_tracker.self_describing_json.SelfDescribingJson object at 0x0000011D34240BF0>, <snowplow_tracker.self_describing_json.SelfDescribingJson object at 0x0000011D3465E150>, <snowplow_tracker.self_describing_json.SelfDescribingJson object at 0x0000011D3471A090>]}
[0m01:12:46.976556 [debug] [MainThread]: Flushing usage events
[0m01:12:48.876640 [debug] [MainThread]: An error was encountered while trying to flush usage events
[0m01:13:00.361733 [debug] [MainThread]: Sending event: {'category': 'dbt', 'action': 'invocation', 'label': 'start', 'context': [<snowplow_tracker.self_describing_json.SelfDescribingJson object at 0x000002B2056DDEB0>, <snowplow_tracker.self_describing_json.SelfDescribingJson object at 0x000002B2056DD430>, <snowplow_tracker.self_describing_json.SelfDescribingJson object at 0x000002B205390AD0>]}


============================== 01:13:00.366173 | ef22db68-5d3d-4421-8434-8a35b2a39a16 ==============================
[0m01:13:00.366173 [info ] [MainThread]: Running with dbt=1.9.2
[0m01:13:00.368325 [debug] [MainThread]: running dbt with arguments {'printer_width': '80', 'indirect_selection': 'eager', 'write_json': 'True', 'log_cache_events': 'False', 'partial_parse': 'True', 'cache_selected_only': 'False', 'warn_error': 'None', 'version_check': 'True', 'debug': 'False', 'log_path': 'logs', 'fail_fast': 'False', 'profiles_dir': 'C:\\Users\\Cikal Merdeka\\.dbt', 'use_colors': 'True', 'use_experimental_parser': 'False', 'no_print': 'None', 'quiet': 'False', 'empty': 'None', 'warn_error_options': 'WarnErrorOptions(include=[], exclude=[])', 'static_parser': 'True', 'log_format': 'default', 'invocation_command': 'dbt init airbnb_dbt', 'target_path': 'None', 'introspect': 'True', 'send_anonymous_usage_stats': 'True'}
[0m01:13:00.431970 [debug] [MainThread]: Starter project path: E:\Personal Projects\Analytics Engineering with Airbnb\Analytics-Engineering-with-Airbnb\Postgres Version\dbt-env\Lib\site-packages\dbt\include\starter_project
[0m01:13:00.445672 [info ] [MainThread]: 
Your new dbt project "airbnb_dbt" was created!

For more information on how to configure the profiles.yml file,
please consult the dbt documentation here:

  https://docs.getdbt.com/docs/configure-your-profile

One more thing:

Need help? Don't hesitate to reach out to us via GitHub issues or on Slack:

  https://community.getdbt.com/

Happy modeling!

[0m01:13:00.445672 [info ] [MainThread]: Setting up your profile.
[0m01:15:13.465102 [info ] [MainThread]: Profile airbnb_dbt written to C:\Users\Cikal Merdeka\.dbt\profiles.yml using target's profile_template.yml and your supplied values. Run 'dbt debug' to validate the connection.
[0m01:15:13.469647 [debug] [MainThread]: Command `dbt init` succeeded at 01:15:13.469647 after 133.25 seconds
[0m01:15:13.471170 [debug] [MainThread]: Sending event: {'category': 'dbt', 'action': 'invocation', 'label': 'end', 'context': [<snowplow_tracker.self_describing_json.SelfDescribingJson object at 0x000002B205BAE780>, <snowplow_tracker.self_describing_json.SelfDescribingJson object at 0x000002B2053AE030>, <snowplow_tracker.self_describing_json.SelfDescribingJson object at 0x000002B205192030>]}
[0m01:15:13.471170 [debug] [MainThread]: Flushing usage events
[0m01:15:15.186910 [debug] [MainThread]: An error was encountered while trying to flush usage events
